--------------------------------------------------------------------------------------------------------------------------------------------------------
      name:  <unnamed>
       log:  /Users/yileifisher/Desktop/2022Summer/A-Research2022Summer/StataPackage/Stata-programming/bivpoisson_health_example-aug032022.log
  log type:  text
 opened on:   3 Aug 2022, 17:19:24

. 
. use "https://github.com/zhangyl334/bivpoisson/raw/main/Health_Data.dta", clear

. 
. bivpoisson (ofp = privins black numchron) (ofnp = privins black numchron age) 
initial:       f(p) = -898.14156
rescale:       f(p) = -898.14156
rescale eq:    f(p) = -889.97635
Iteration 0:   f(p) = -889.97635  (not concave)
Iteration 1:   f(p) = -878.49262  (not concave)
Iteration 2:   f(p) = -845.96974  (not concave)
Iteration 3:   f(p) = -840.21573  
Iteration 4:   f(p) = -832.94616  
Iteration 5:   f(p) = -832.69668  
Iteration 6:   f(p) = -832.69538  
Iteration 7:   f(p) = -832.69538  

                                                           Number of obs = 207

------------------------------------------------------------------------------
             | Coefficient  Std. err.      z    P>|z|     [95% conf. interval]
-------------+----------------------------------------------------------------
ofp          |
     privins |   .3997619   .1830324     2.18   0.029     .0410251    .7584988
       black |  -.1335776   .1905022    -0.70   0.483     -.506955    .2397997
    numchron |   .2380122    .053071     4.48   0.000      .133995    .3420294
       _cons |   .6682984   .1939622     3.45   0.001     .2881394    1.048457
-------------+----------------------------------------------------------------
ofnp         |
     privins |   1.305625   .4458126     2.93   0.003     .4318483    2.179402
       black |  -2.151162   .9190452    -2.34   0.019    -3.952457   -.3498661
    numchron |   .2358258   .1392374     1.69   0.090    -.0370744     .508726
         age |  -.0809187   .3125795    -0.26   0.796    -.6935632    .5317257
       _cons |  -2.271814   2.292566    -0.99   0.322     -6.76516    2.221532
-------------+----------------------------------------------------------------
sigmasq1     |
       _cons |   .8514478    .130599     6.52   0.000     .5954785    1.107417
-------------+----------------------------------------------------------------
sigmasq2     |
       _cons |   3.478548   .6043013     5.76   0.000     2.294139    4.662956
-------------+----------------------------------------------------------------
sigma12      |
       _cons |   .4178385   .2111368     1.98   0.048      .004018     .831659
------------------------------------------------------------------------------

. 
. ereturn list

scalars:
               e(rank) =  12
                  e(N) =  207
                 e(ic) =  7
                  e(k) =  12
               e(k_eq) =  5
               e(k_dv) =  2
          e(converged) =  1
                 e(rc) =  0

macros:
             e(indep2) : "privins black numchron age"
            e(depvar2) : "ofnp"
             e(indep1) : "privins black numchron"
            e(depvar1) : "ofp"
              e(title) : "Bivariate Count Seemingly Unrelated Regression Estimation"
                e(cmd) : "bivpoisson"
                e(opt) : "moptimize"
            e(predict) : "ml_p"
               e(user) : "BivPoissNormLF()"
          e(ml_method) : "lf0"
          e(technique) : "nr"
              e(which) : "max"
             e(depvar) : "Y1 Y2"
         e(properties) : "b V"

matrices:
                  e(b) :  1 x 12
                  e(V) :  12 x 12
               e(ilog) :  1 x 20
           e(gradient) :  1 x 12

. 
. log close
      name:  <unnamed>
       log:  /Users/yileifisher/Desktop/2022Summer/A-Research2022Summer/StataPackage/Stata-programming/bivpoisson_health_example-aug032022.log
  log type:  text
 closed on:   3 Aug 2022, 17:19:45
--------------------------------------------------------------------------------------------------------------------------------------------------------
